FECHA:::HORA:::NoPROCESO:::INICIO:::FIN:::NOMBRE_FICHERO:::NoApuestasConsolidadas
2023-04-17:::20:55:49.01:::1:::20:55:49.01:::20:55:49.01:::consolidated.csv:::0
2023-04-17:::20:55:49.01:::2:::20:55:49.01:::20:55:49.01:::consolidated.csv:::114
2023-04-17:::20:55:49.01:::3:::20:55:49.01:::20:55:49.01:::consolidated.csv:::114
2023-04-17:::20:55:49.01:::4:::20:55:49.01:::20:55:49.01:::consolidated.csv:::114
2023-04-17:::20:55:49.01:::5:::20:55:49.01:::20:55:49.01:::consolidated.csv:::114
2023-04-17:::20:55:49.01:::6:::20:55:49.01:::20:55:49.01:::consolidated.csv:::114
2023-04-17:::20:55:49.01:::7:::20:55:49.01:::20:55:49.01:::consolidated.csv:::152
2023-04-17:::20:55:49.01:::8:::20:55:49.01:::20:55:49.01:::consolidated.csv:::152
2023-04-17:::20:55:49.01:::9:::20:55:49.01:::20:55:49.01:::consolidated.csv:::190
2023-04-17:::20:55:49.01:::10:::20:55:49.01:::20:55:49.01:::consolidated.csv:::190
2023-04-17:::20:55:49.01:::11:::20:55:49.01:::20:55:49.01:::consolidated.csv:::190
2023-04-17:::20:55:49.01:::12:::20:55:49.01:::20:55:49.01:::consolidated.csv:::105
2023-04-17:::20:55:49.01:::13:::20:55:49.01:::20:55:49.01:::consolidated.csv:::190
2023-04-17:::20:55:49.01:::14:::20:55:49.01:::20:55:49.01:::consolidated.csv:::228
2023-04-17:::20:55:49.01:::15:::20:55:49.01:::20:55:49.01:::consolidated.csv:::228
2023-04-17:::20:55:49.01:::16:::20:55:49.01:::20:55:49.01:::consolidated.csv:::228
2023-04-17:::20:55:49.01:::17:::20:55:49.01:::20:55:49.01:::consolidated.csv:::228
2023-04-17:::20:55:50.01:::18:::20:55:50.01:::20:55:50.01:::consolidated.csv:::228
2023-04-17:::20:55:50.01:::19:::20:55:50.01:::20:55:50.01:::consolidated.csv:::228
2023-05-19:::00:26:55.01:::20:::00:26:55.01:::00:26:55.01:::files_data/SPORTIUM/CA002_SPORTIUM_Eje_v02.csv:::47
2023-05-19:::00:26:55.01:::21:::00:26:55.01:::00:26:55.01:::files_data/BETFAIR/CA004_BETFAIR_Eje_v05.csv:::47
2023-05-19:::00:26:55.01:::22:::00:26:55.01:::00:26:55.01:::files_data/BEWIN/CA003_BEWIN_Eje_v01.csv:::47
2023-05-19:::00:26:57.01:::23:::00:26:57.01:::00:26:57.01:::files_data/BEWIN/CA003_BEWIN_Eje_v03.csv:::47
2023-05-19:::00:26:58.01:::24:::00:26:58.01:::00:26:58.01:::files_data/BETFAIR/CA004_BETFAIR_Eje_v03.csv:::47
2023-05-19:::00:26:59.01:::25:::00:26:59.01:::00:26:59.01:::files_data/SPORTIUM/CA002_SPORTIUM_Eje_v06.csv:::47
2023-05-19:::00:27:00.01:::26:::00:27:00.01:::00:27:00.01:::files_data/BETFAIR/CA004_BETFAIR_Eje_v07.csv:::47
2023-05-19:::00:27:01.01:::27:::00:27:01.01:::00:27:01.01:::files_data/BEWIN/CA003_BEWIN_Eje_v06.csv:::47
2023-05-19:::00:27:03.01:::28:::00:27:03.01:::00:27:03.01:::files_data/BEWIN/CA003_BEWIN_Eje_v04.csv:::47
2023-05-19:::00:27:03.01:::29:::00:27:03.01:::00:27:03.01:::files_data/SPORTIUM/CA002_SPORTIUM_Eje_v04.csv:::47
2023-05-19:::00:27:04.01:::30:::00:27:04.01:::00:27:04.01:::files_data/BETFAIR/CA004_BETFAIR_Eje_v04.csv:::47
2023-05-19:::00:27:05.01:::31:::00:27:05.01:::00:27:05.01:::files_data/BEWIN/CA003_BEWIN_Eje_v07.csv:::47
2023-05-19:::00:27:06.01:::32:::00:27:06.01:::00:27:06.01:::files_data/SPORTIUM/CA002_SPORTIUM_Eje_v07.csv:::47
2023-05-19:::00:27:07.01:::33:::00:27:07.01:::00:27:07.01:::files_data/BETFAIR/CA004_BETFAIR_Eje_v01.csv:::47
2023-05-19:::00:34:30.01:::34:::00:34:30.01:::00:34:30.01:::files_data/SPORTIUM/CA002_SPORTIUM_Eje_v02.csv:::47
2023-05-19:::00:34:30.01:::35:::00:34:30.01:::00:34:30.01:::files_data/BETFAIR/CA004_BETFAIR_Eje_v05.csv:::47
2023-05-19:::00:34:30.01:::36:::00:34:30.01:::00:34:30.01:::files_data/BEWIN/CA003_BEWIN_Eje_v01.csv:::47
2023-05-19:::00:34:33.01:::37:::00:34:33.01:::00:34:33.01:::files_data/BEWIN/CA003_BEWIN_Eje_v03.csv:::47
2023-05-19:::00:34:34.01:::38:::00:34:34.01:::00:34:34.01:::files_data/BETFAIR/CA004_BETFAIR_Eje_v03.csv:::47
2023-05-19:::00:34:35.01:::39:::00:34:35.01:::00:34:35.01:::files_data/SPORTIUM/CA002_SPORTIUM_Eje_v06.csv:::47
2023-05-19:::00:34:36.01:::40:::00:34:36.01:::00:34:36.01:::files_data/BETFAIR/CA004_BETFAIR_Eje_v07.csv:::47
2023-05-19:::00:44:51.01:::41:::00:44:51.01:::00:44:51.01:::files_data/SPORTIUM/CA002_SPORTIUM_Eje_v02.csv:::47
2023-05-19:::00:44:51.01:::42:::00:44:51.01:::00:44:51.01:::files_data/BEWIN/CA003_BEWIN_Eje_v01.csv:::47
2023-05-19:::00:44:51.01:::43:::00:44:51.01:::00:44:51.01:::files_data/BETFAIR/CA004_BETFAIR_Eje_v05.csv:::47
2023-05-19:::00:44:53.01:::44:::00:44:53.01:::00:44:53.01:::files_data/BETFAIR/CA004_BETFAIR_Eje_v03.csv:::47
2023-05-19:::00:44:54.01:::45:::00:44:54.01:::00:44:54.01:::files_data/BEWIN/CA003_BEWIN_Eje_v03.csv:::47
2023-05-19:::00:44:55.01:::46:::00:44:55.01:::00:44:55.01:::files_data/SPORTIUM/CA002_SPORTIUM_Eje_v06.csv:::47
2023-05-19:::00:44:56.01:::47:::00:44:56.01:::00:44:56.01:::files_data/BEWIN/CA003_BEWIN_Eje_v06.csv:::47
2023-05-19:::00:44:57.01:::48:::00:44:57.01:::00:44:57.01:::files_data/BETFAIR/CA004_BETFAIR_Eje_v07.csv:::47
2023-05-19:::00:46:49.01:::49:::00:46:49.01:::00:46:49.01:::files_data/SPORTIUM/CA002_SPORTIUM_Eje_v02.csv:::47
2023-05-19:::00:46:49.01:::50:::00:46:49.01:::00:46:49.01:::files_data/BEWIN/CA003_BEWIN_Eje_v01.csv:::47
2023-05-19:::00:46:49.01:::51:::00:46:49.01:::00:46:49.01:::files_data/BETFAIR/CA004_BETFAIR_Eje_v05.csv:::47
2023-05-19:::00:46:51.01:::52:::00:46:51.01:::00:46:51.01:::files_data/BETFAIR/CA004_BETFAIR_Eje_v03.csv:::47
2023-05-19:::00:46:52.01:::53:::00:46:52.01:::00:46:52.01:::files_data/BEWIN/CA003_BEWIN_Eje_v03.csv:::47
2023-05-19:::00:46:53.01:::54:::00:46:53.01:::00:46:53.01:::files_data/SPORTIUM/CA002_SPORTIUM_Eje_v06.csv:::47
2023-05-19:::00:46:54.01:::55:::00:46:54.01:::00:46:54.01:::files_data/BEWIN/CA003_BEWIN_Eje_v06.csv:::47
2023-05-19:::00:46:55.01:::56:::00:46:55.01:::00:46:55.01:::files_data/BETFAIR/CA004_BETFAIR_Eje_v07.csv:::47
2023-05-19:::00:46:56.01:::57:::00:46:56.01:::00:46:56.01:::files_data/BETFAIR/CA004_BETFAIR_Eje_v04.csv:::47
2023-05-19:::00:46:57.01:::58:::00:46:57.01:::00:46:57.01:::files_data/SPORTIUM/CA002_SPORTIUM_Eje_v04.csv:::47
2023-05-19:::00:46:57.01:::59:::00:46:57.01:::00:46:57.01:::files_data/BEWIN/CA003_BEWIN_Eje_v04.csv:::47
2023-05-19:::00:46:58.01:::60:::00:46:58.01:::00:46:58.01:::files_data/BETFAIR/CA004_BETFAIR_Eje_v01.csv:::47
2023-05-19:::00:46:59.01:::61:::00:46:59.01:::00:46:59.01:::files_data/SPORTIUM/CA002_SPORTIUM_Eje_v07.csv:::47
2023-05-19:::00:47:00.01:::62:::00:47:00.01:::00:47:00.01:::files_data/BEWIN/CA003_BEWIN_Eje_v07.csv:::47
2023-05-19:::00:47:02.01:::63:::00:47:02.01:::00:47:02.01:::files_data/SPORTIUM/CA002_SPORTIUM_Eje_v05.csv:::47
2023-05-19:::00:47:03.01:::64:::00:47:03.01:::00:47:03.01:::files_data/BETFAIR/CA004_BETFAIR_Eje_v02.csv:::47
2023-05-19:::00:47:05.01:::65:::00:47:05.01:::00:47:05.01:::files_data/BEWIN/CA003_BEWIN_Eje_v05.csv:::47
2023-05-19:::00:47:06.01:::66:::00:47:06.01:::00:47:06.01:::files_data/BETFAIR/CA004_BETFAIR_Eje_v06.csv:::47
2023-05-19:::00:47:06.01:::67:::00:47:06.01:::00:47:06.01:::files_data/SPORTIUM/CA002_SPORTIUM_Eje_v03.csv:::47
2023-05-19:::10:29:47.01:::68:::10:29:47.01:::10:29:47.01:::files_data/BEWIN/CA003_BEWIN_Eje_v01.csv:::47
2023-05-19:::10:29:47.01:::69:::10:29:47.01:::10:29:47.01:::files_data/BETFAIR/CA004_BETFAIR_Eje_v05.csv:::47
2023-05-19:::10:29:47.01:::70:::10:29:47.01:::10:29:47.01:::files_data/SPORTIUM/CA002_SPORTIUM_Eje_v02.csv:::47
2023-05-19:::10:29:49.01:::71:::10:29:49.01:::10:29:49.01:::files_data/SPORTIUM/CA002_SPORTIUM_Eje_v06.csv:::47
2023-05-19:::10:29:50.01:::72:::10:29:50.01:::10:29:50.01:::files_data/BETFAIR/CA004_BETFAIR_Eje_v03.csv:::47
2023-05-19:::10:29:51.01:::73:::10:29:51.01:::10:29:51.01:::files_data/BEWIN/CA003_BEWIN_Eje_v03.csv:::47
2023-05-19:::10:29:52.01:::74:::10:29:52.01:::10:29:52.01:::files_data/BETFAIR/CA004_BETFAIR_Eje_v07.csv:::47
2023-05-19:::10:29:53.01:::75:::10:29:53.01:::10:29:53.01:::files_data/SPORTIUM/CA002_SPORTIUM_Eje_v04.csv:::47
2023-05-19:::10:39:04.01:::76:::10:39:04.01:::10:39:04.01:::files_data/BEWIN/CA003_BEWIN_Eje_v01.csv:::47
2023-05-19:::10:39:04.01:::77:::10:39:04.01:::10:39:04.01:::files_data/BETFAIR/CA004_BETFAIR_Eje_v05.csv:::47
2023-05-19:::10:39:04.01:::78:::10:39:04.01:::10:39:04.01:::files_data/SPORTIUM/CA002_SPORTIUM_Eje_v02.csv:::47
2023-05-19:::10:39:07.01:::79:::10:39:07.01:::10:39:07.01:::files_data/SPORTIUM/CA002_SPORTIUM_Eje_v06.csv:::47
2023-05-19:::10:39:08.01:::80:::10:39:08.01:::10:39:08.01:::files_data/BETFAIR/CA004_BETFAIR_Eje_v03.csv:::47
2023-05-19:::10:45:58.01:::81:::10:45:58.01:::10:45:58.01:::files_data/BETFAIR/CA004_BETFAIR_Eje_v05.csv:::47
2023-05-19:::10:45:58.01:::82:::10:45:58.01:::10:45:58.01:::files_data/SPORTIUM/CA002_SPORTIUM_Eje_v02.csv:::47
2023-05-19:::10:46:01.01:::83:::10:46:01.01:::10:46:01.01:::files_data/SPORTIUM/CA002_SPORTIUM_Eje_v06.csv:::47
2023-05-19:::10:46:02.01:::84:::10:46:02.01:::10:46:02.01:::files_data/BETFAIR/CA004_BETFAIR_Eje_v03.csv:::47
2023-05-19:::10:46:03.01:::85:::10:46:03.01:::10:46:03.01:::files_data/SPORTIUM/CA002_SPORTIUM_Eje_v04.csv:::47
2023-05-19:::10:47:13.01:::86:::10:47:13.01:::10:47:13.01:::files_data/BETFAIR/CA004_BETFAIR_Eje_v05.csv:::47
2023-05-19:::10:47:13.01:::87:::10:47:13.01:::10:47:13.01:::files_data/SPORTIUM/CA002_SPORTIUM_Eje_v02.csv:::47
2023-05-19:::10:47:16.01:::88:::10:47:16.01:::10:47:16.01:::files_data/SPORTIUM/CA002_SPORTIUM_Eje_v06.csv:::47
2023-05-19:::10:48:04.01:::89:::10:48:04.01:::10:48:04.01:::files_data/BETFAIR/CA004_BETFAIR_Eje_v05.csv:::47
2023-05-19:::10:48:04.01:::90:::10:48:04.01:::10:48:04.01:::files_data/SPORTIUM/CA002_SPORTIUM_Eje_v02.csv:::47
2023-05-19:::10:51:30.01:::91:::10:51:30.01:::10:51:30.01:::files_data/SPORTIUM/CA002_SPORTIUM_Eje_v02.csv:::47
2023-05-19:::10:51:30.01:::92:::10:51:30.01:::10:51:30.01:::files_data/BETFAIR/CA004_BETFAIR_Eje_v05.csv:::47
2023-05-19:::10:54:49.01:::93:::10:54:49.01:::10:54:49.01:::files_data/SPORTIUM/CA002_SPORTIUM_Eje_v02.csv:::0
2023-05-19:::10:59:32.01:::94:::10:59:32.01:::10:59:32.01:::files_data/BETFAIR/CA004_BETFAIR_Eje_v05.csv:::0
2023-05-19:::11:01:27.01:::95:::11:01:27.01:::11:01:27.01:::files_data/BETFAIR/CA004_BETFAIR_Eje_v05.csv:::47
2023-05-19:::11:01:27.01:::96:::11:01:27.01:::11:01:27.01:::files_data/SPORTIUM/CA002_SPORTIUM_Eje_v02.csv:::47
2023-05-19:::11:01:30.01:::97:::11:01:30.01:::11:01:30.01:::files_data/SPORTIUM/CA002_SPORTIUM_Eje_v06.csv:::47
2023-05-19:::11:01:31.01:::98:::11:01:31.01:::11:01:31.01:::files_data/BETFAIR/CA004_BETFAIR_Eje_v03.csv:::47
2023-05-19:::11:01:32.01:::99:::11:01:32.01:::11:01:32.01:::files_data/SPORTIUM/CA002_SPORTIUM_Eje_v04.csv:::47
2023-05-19:::11:06:11.01:::100:::11:06:11.01:::11:06:11.01:::files_data/SPORTIUM/CA002_SPORTIUM_Eje_v07.csv:::47
2023-05-19:::11:06:12.01:::101:::11:06:12.01:::11:06:12.01:::files_data/BETFAIR/CA004_BETFAIR_Eje_v07.csv:::47
2023-05-19:::11:06:15.01:::102:::11:06:15.01:::11:06:15.01:::files_data/BETFAIR/CA004_BETFAIR_Eje_v04.csv:::47
2023-05-19:::11:06:16.01:::103:::11:06:16.01:::11:06:16.01:::files_data/SPORTIUM/CA002_SPORTIUM_Eje_v05.csv:::47
2023-05-19:::11:06:16.01:::104:::11:06:16.01:::11:06:16.01:::files_data/BETFAIR/CA004_BETFAIR_Eje_v01.csv:::47
2023-05-19:::11:06:18.01:::105:::11:06:18.01:::11:06:18.01:::files_data/SPORTIUM/CA002_SPORTIUM_Eje_v03.csv:::47
2023-05-19:::11:06:18.01:::106:::11:06:18.01:::11:06:18.01:::files_data/BETFAIR/CA004_BETFAIR_Eje_v02.csv:::47
2023-05-19:::11:06:22.01:::107:::11:06:22.01:::11:06:22.01:::files_data/BETFAIR/CA004_BETFAIR_Eje_v06.csv:::47
2023-05-19:::11:08:12.01:::108:::11:08:12.01:::11:08:12.01:::files_data/BETFAIR/CA004_BETFAIR_Eje_v05.csv:::0
2023-05-19:::11:10:55.01:::109:::11:10:55.01:::11:10:55.01:::files_data/BETFAIR/CA004_BETFAIR_Eje_v05.csv:::47
2023-05-19:::11:10:55.01:::110:::11:10:55.01:::11:10:55.01:::files_data/SPORTIUM/CA002_SPORTIUM_Eje_v02.csv:::47
2023-05-19:::11:10:58.01:::111:::11:10:58.01:::11:10:58.01:::files_data/SPORTIUM/CA002_SPORTIUM_Eje_v06.csv:::47
2023-05-19:::11:10:59.01:::112:::11:10:59.01:::11:10:59.01:::files_data/BETFAIR/CA004_BETFAIR_Eje_v03.csv:::47
2023-05-19:::11:11:00.01:::113:::11:11:00.01:::11:11:00.01:::files_data/SPORTIUM/CA002_SPORTIUM_Eje_v04.csv:::47
2023-05-19:::11:27:24.01:::114:::11:27:24.01:::11:27:24.01:::files_data/BETFAIR/CA004_BETFAIR_Eje_v05.csv:::0
2023-05-19:::11:27:33.01:::115:::11:27:33.01:::11:27:33.01:::files_data/BETFAIR/CA004_BETFAIR_Eje_v05.csv:::47
2023-05-19:::11:27:33.01:::116:::11:27:33.01:::11:27:33.01:::files_data/SPORTIUM/CA002_SPORTIUM_Eje_v02.csv:::47
2023-05-19:::11:27:36.01:::117:::11:27:36.01:::11:27:36.01:::files_data/SPORTIUM/CA002_SPORTIUM_Eje_v06.csv:::47
2023-05-19:::11:27:37.01:::118:::11:27:37.01:::11:27:37.01:::files_data/BETFAIR/CA004_BETFAIR_Eje_v03.csv:::47
2023-05-19:::11:37:56.01:::119:::11:37:56.01:::11:37:56.01:::files_data/BETFAIR/CA004_BETFAIR_Eje_v05.csv:::0
2023-05-19:::11:38:04.01:::120:::11:38:04.01:::11:38:04.01:::files_data/SPORTIUM/CA002_SPORTIUM_Eje_v02.csv:::47
2023-05-19:::11:38:04.01:::121:::11:38:04.01:::11:38:04.01:::files_data/BETFAIR/CA004_BETFAIR_Eje_v05.csv:::47
2023-05-19:::11:38:07.01:::122:::11:38:07.01:::11:38:07.01:::files_data/BETFAIR/CA004_BETFAIR_Eje_v03.csv:::47
2023-05-19:::11:38:08.01:::123:::11:38:08.01:::11:38:08.01:::files_data/SPORTIUM/CA002_SPORTIUM_Eje_v06.csv:::47
2023-05-19:::11:38:09.01:::124:::11:38:09.01:::11:38:09.01:::files_data/BETFAIR/CA004_BETFAIR_Eje_v07.csv:::47
2023-05-19:::11:42:02.01:::125:::11:42:02.01:::11:42:02.01:::files_data/BETFAIR/CA004_BETFAIR_Eje_v07.csv:::47
2023-05-19:::11:42:02.01:::126:::11:42:02.01:::11:42:02.01:::files_data/BETFAIR/CA004_BETFAIR_Eje_v04.csv:::47
2023-05-19:::11:42:02.01:::127:::11:42:02.01:::11:42:02.01:::files_data/SPORTIUM/CA002_SPORTIUM_Eje_v04.csv:::47
2023-05-19:::11:42:03.01:::128:::11:42:03.01:::11:42:03.01:::files_data/SPORTIUM/CA002_SPORTIUM_Eje_v07.csv:::47
2023-05-19:::11:42:06.01:::129:::11:42:06.01:::11:42:06.01:::files_data/SPORTIUM/CA002_SPORTIUM_Eje_v05.csv:::47
2023-05-19:::11:42:06.01:::130:::11:42:06.01:::11:42:06.01:::files_data/BETFAIR/CA004_BETFAIR_Eje_v04.csv:::47
2023-05-19:::11:42:07.01:::131:::11:42:07.01:::11:42:07.01:::files_data/SPORTIUM/CA002_SPORTIUM_Eje_v03.csv:::47
2023-05-19:::11:42:08.01:::132:::11:42:08.01:::11:42:08.01:::files_data/BETFAIR/CA004_BETFAIR_Eje_v01.csv:::47
2023-05-19:::11:42:11.01:::133:::11:42:11.01:::11:42:11.01:::files_data/BETFAIR/CA004_BETFAIR_Eje_v02.csv:::47
2023-05-19:::11:42:16.01:::134:::11:42:16.01:::11:42:16.01:::files_data/BETFAIR/CA004_BETFAIR_Eje_v06.csv:::47
2023-05-19:::11:47:23.01:::135:::11:47:23.01:::11:47:23.01:::files_data/BETFAIR/CA004_BETFAIR_Eje_v05.csv:::0
2023-05-19:::11:47:48.01:::136:::11:47:48.01:::11:47:48.01:::files_data/BETFAIR/CA004_BETFAIR_Eje_v05.csv:::47
2023-05-19:::11:47:48.01:::137:::11:47:48.01:::11:47:48.01:::files_data/SPORTIUM/CA002_SPORTIUM_Eje_v02.csv:::47
2023-05-19:::11:47:51.01:::138:::11:47:51.01:::11:47:51.01:::files_data/SPORTIUM/CA002_SPORTIUM_Eje_v06.csv:::47
2023-05-19:::11:47:52.01:::139:::11:47:52.01:::11:47:52.01:::files_data/BETFAIR/CA004_BETFAIR_Eje_v03.csv:::47
2023-05-19:::11:47:53.01:::140:::11:47:53.01:::11:47:53.01:::files_data/SPORTIUM/CA002_SPORTIUM_Eje_v04.csv:::47
2023-05-19:::11:51:12.01:::141:::11:51:12.01:::11:51:12.01:::files_data/BETFAIR/CA004_BETFAIR_Eje_v05.csv:::0
2023-05-19:::11:56:34.01:::142:::11:56:34.01:::11:56:34.01:::files_data/BETFAIR/CA004_BETFAIR_Eje_v05.csv:::47
2023-05-19:::11:56:34.01:::143:::11:56:34.01:::11:56:34.01:::files_data/SPORTIUM/CA002_SPORTIUM_Eje_v02.csv:::47
2023-05-19:::11:56:37.01:::144:::11:56:37.01:::11:56:37.01:::files_data/SPORTIUM/CA002_SPORTIUM_Eje_v06.csv:::47
2023-05-19:::11:56:38.01:::145:::11:56:38.01:::11:56:38.01:::files_data/BETFAIR/CA004_BETFAIR_Eje_v03.csv:::47
2023-05-19:::11:56:39.01:::146:::11:56:39.01:::11:56:39.01:::files_data/SPORTIUM/CA002_SPORTIUM_Eje_v04.csv:::47
2023-05-19:::12:01:56.01:::147:::12:01:56.01:::12:01:56.01:::files_data/BETFAIR/CA004_BETFAIR_Eje_v05.csv:::47
2023-05-19:::12:01:56.01:::148:::12:01:56.01:::12:01:56.01:::files_data/SPORTIUM/CA002_SPORTIUM_Eje_v02.csv:::47
2023-05-19:::12:02:00.01:::149:::12:02:00.01:::12:02:00.01:::files_data/SPORTIUM/CA002_SPORTIUM_Eje_v06.csv:::47
2023-05-19:::12:02:01.01:::150:::12:02:01.01:::12:02:01.01:::files_data/BETFAIR/CA004_BETFAIR_Eje_v03.csv:::47
2023-05-19:::12:02:02.01:::151:::12:02:02.01:::12:02:02.01:::files_data/SPORTIUM/CA002_SPORTIUM_Eje_v04.csv:::47
2023-05-19:::12:02:04.01:::152:::12:02:04.01:::12:02:04.01:::files_data/SPORTIUM/CA002_SPORTIUM_Eje_v07.csv:::47
2023-05-19:::12:02:05.01:::153:::12:02:05.01:::12:02:05.01:::files_data/BETFAIR/CA004_BETFAIR_Eje_v07.csv:::47
2023-05-19:::12:02:08.01:::154:::12:02:08.01:::12:02:08.01:::files_data/BETFAIR/CA004_BETFAIR_Eje_v04.csv:::47
2023-05-19:::12:02:08.01:::155:::12:02:08.01:::12:02:08.01:::files_data/SPORTIUM/CA002_SPORTIUM_Eje_v05.csv:::47
2023-05-19:::12:02:09.01:::156:::12:02:09.01:::12:02:09.01:::files_data/BETFAIR/CA004_BETFAIR_Eje_v01.csv:::47
2023-05-19:::12:02:10.01:::157:::12:02:10.01:::12:02:10.01:::files_data/SPORTIUM/CA002_SPORTIUM_Eje_v03.csv:::47
2023-05-19:::12:02:11.01:::158:::12:02:11.01:::12:02:11.01:::files_data/BETFAIR/CA004_BETFAIR_Eje_v02.csv:::47
2023-05-19:::12:02:15.01:::159:::12:02:15.01:::12:02:15.01:::files_data/BETFAIR/CA004_BETFAIR_Eje_v06.csv:::47
2023-05-19:::12:31:43.01:::160:::12:31:43.01:::12:31:43.01:::files_data/BETFAIR/CA004_BETFAIR_Eje_v05.csv:::0
2023-05-19:::12:35:55.01:::161:::12:35:55.01:::12:35:55.01:::files_data/BETFAIR/CA004_BETFAIR_Eje_v05.csv:::0
2023-05-19:::12:36:45.01:::162:::12:36:45.01:::12:36:45.01:::files_data/SPORTIUM/CA002_SPORTIUM_Eje_v02.csv:::0
2023-05-19:::12:59:55.01:::163:::12:59:55.01:::12:59:55.01:::files_data/SPORTIUM/CA002_SPORTIUM_Eje_v07.csv:::0
